1652672380715	geckodriver	INFO	Listening on 127.0.0.1:31035
1652672382753	mozrunner::runner	INFO	Running command: "D:\\Program Files (x86)\\Mozilla Firefox\\firefox.exe" "--marionette" "--remote-debugging-port" "31036" "--remote-allow-hosts" "localhost" "-no-remote" "-profile" "C:\\Users\\bbb\\AppData\\Local\\Temp\\rust_mozprofile9SqTIB"
1652672437920	geckodriver	INFO	Listening on 127.0.0.1:31158
1652672439914	mozrunner::runner	INFO	Running command: "D:\\Program Files (x86)\\Mozilla Firefox\\firefox.exe" "--marionette" "--remote-debugging-port" "31159" "--remote-allow-hosts" "localhost" "-no-remote" "-profile" "C:\\Users\\bbb\\AppData\\Local\\Temp\\rust_mozprofileoSoAUx"
1652672440742	Marionette	INFO	Marionette enabled
console.warn: SearchSettings: "get: No settings file exists, new profile?" (new NotFoundError("Could not open the file at C:\\Users\\bbb\\AppData\\Local\\Temp\\rust_mozprofileoSoAUx\\search.json.mozlz4", (void 0)))
DevTools listening on ws://localhost:31159/devtools/browser/e0ab5313-3d8f-420d-b134-b8e5ba8b26f4
1652672443360	Marionette	INFO	Listening on port 31181
Read port: 31181
1652672443413	RemoteAgent	WARN	TLS certificate errors will be ignored for this session
JavaScript error: resource://gre/modules/AsyncShutdown.jsm, line 575: NotFoundError: No such JSWindowActor 'DevToolsFrame'
1652672639476	Marionette	INFO	Stopped listening on port 31181
console.warn: TopSitesFeed: Failed to fetch data from Contile server: NetworkError when attempting to fetch resource.
1652672650736	geckodriver	INFO	Listening on 127.0.0.1:31273
1652672652780	mozrunner::runner	INFO	Running command: "D:\\Program Files (x86)\\Mozilla Firefox\\firefox.exe" "--marionette" "--remote-debugging-port" "31274" "--remote-allow-hosts" "localhost" "-no-remote" "-profile" "C:\\Users\\bbb\\AppData\\Local\\Temp\\rust_mozprofilecy7tFN"
1652672653581	Marionette	INFO	Marionette enabled
console.warn: SearchSettings: "get: No settings file exists, new profile?" (new NotFoundError("Could not open the file at C:\\Users\\bbb\\AppData\\Local\\Temp\\rust_mozprofilecy7tFN\\search.json.mozlz4", (void 0)))
DevTools listening on ws://localhost:31274/devtools/browser/6793fe61-f3d4-46c5-b402-3c009ba07202
1652672655944	Marionette	INFO	Listening on port 31296
Read port: 31296
1652672656005	RemoteAgent	WARN	TLS certificate errors will be ignored for this session
1652672831455	geckodriver	INFO	Listening on 127.0.0.1:31373
1652672833502	mozrunner::runner	INFO	Running command: "D:\\Program Files (x86)\\Mozilla Firefox\\firefox.exe" "--marionette" "--remote-debugging-port" "31374" "--remote-allow-hosts" "localhost" "-no-remote" "-profile" "C:\\Users\\bbb\\AppData\\Local\\Temp\\rust_mozprofileNHXqMw"
1652672834272	Marionette	INFO	Marionette enabled
console.warn: SearchSettings: "get: No settings file exists, new profile?" (new NotFoundError("Could not open the file at C:\\Users\\bbb\\AppData\\Local\\Temp\\rust_mozprofileNHXqMw\\search.json.mozlz4", (void 0)))
DevTools listening on ws://localhost:31374/devtools/browser/5b499c07-dcbd-4d6d-a62a-a1c94b8fafe5
1652672836614	Marionette	INFO	Listening on port 31395
Read port: 31395
1652672836866	RemoteAgent	WARN	TLS certificate errors will be ignored for this session
JavaScript error: resource://gre/modules/AsyncShutdown.jsm, line 575: NotFoundError: No such JSWindowActor 'DevToolsFrame'
1652678191394	Marionette	INFO	Stopped listening on port 31395
console.warn: TopSitesFeed: Failed to fetch data from Contile server: NetworkError when attempting to fetch resource.
1652678197133	geckodriver	INFO	Listening on 127.0.0.1:5599
1652678199182	mozrunner::runner	INFO	Running command: "D:\\Program Files (x86)\\Mozilla Firefox\\firefox.exe" "--marionette" "--remote-debugging-port" "5600" "--remote-allow-hosts" "localhost" "-no-remote" "-profile" "C:\\Users\\bbb\\AppData\\Local\\Temp\\rust_mozprofileKUIWBL"
1652678199983	Marionette	INFO	Marionette enabled
console.warn: SearchSettings: "get: No settings file exists, new profile?" (new NotFoundError("Could not open the file at C:\\Users\\bbb\\AppData\\Local\\Temp\\rust_mozprofileKUIWBL\\search.json.mozlz4", (void 0)))
DevTools listening on ws://localhost:5600/devtools/browser/4377becd-9bc3-44c4-8c0a-13c34a570055
1652678202421	Marionette	INFO	Listening on port 5624
Read port: 5624
1652678202518	RemoteAgent	WARN	TLS certificate errors will be ignored for this session
1652678232073	Marionette	INFO	Stopped listening on port 5624
console.warn: TopSitesFeed: Failed to fetch data from Contile server: NetworkError when attempting to fetch resource.
JavaScript error: chrome://remote/content/marionette/cert.js, line 55: NS_ERROR_NOT_AVAILABLE: Component returned failure code: 0x80040111 (NS_ERROR_NOT_AVAILABLE) [nsICertOverrideService.setDisableAllSecurityChecksAndLetAttackersInterceptMyData]
1652678392169	geckodriver	INFO	Listening on 127.0.0.1:5868
1652678394213	mozrunner::runner	INFO	Running command: "D:\\Program Files (x86)\\Mozilla Firefox\\firefox.exe" "--marionette" "--remote-debugging-port" "5869" "--remote-allow-hosts" "localhost" "-no-remote" "-profile" "C:\\Users\\bbb\\AppData\\Local\\Temp\\rust_mozprofileVfYQEO"
1652678395082	Marionette	INFO	Marionette enabled
console.warn: SearchSettings: "get: No settings file exists, new profile?" (new NotFoundError("Could not open the file at C:\\Users\\bbb\\AppData\\Local\\Temp\\rust_mozprofileVfYQEO\\search.json.mozlz4", (void 0)))
DevTools listening on ws://localhost:5869/devtools/browser/32f376f1-9684-478b-8201-ffcaf15a82ab
1652678397482	Marionette	INFO	Listening on port 5901
Read port: 5901
1652678397522	RemoteAgent	WARN	TLS certificate errors will be ignored for this session
1652678429160	Marionette	INFO	Stopped listening on port 5901
console.warn: TopSitesFeed: Failed to fetch data from Contile server: NetworkError when attempting to fetch resource.
JavaScript error: chrome://remote/content/marionette/cert.js, line 55: NS_ERROR_NOT_AVAILABLE: Component returned failure code: 0x80040111 (NS_ERROR_NOT_AVAILABLE) [nsICertOverrideService.setDisableAllSecurityChecksAndLetAttackersInterceptMyData]
1652678499803	geckodriver	INFO	Listening on 127.0.0.1:6041
1652678501848	mozrunner::runner	INFO	Running command: "D:\\Program Files (x86)\\Mozilla Firefox\\firefox.exe" "--marionette" "--remote-debugging-port" "6042" "--remote-allow-hosts" "localhost" "-no-remote" "-profile" "C:\\Users\\bbb\\AppData\\Local\\Temp\\rust_mozprofileJJThT8"
1652678502619	Marionette	INFO	Marionette enabled
console.warn: SearchSettings: "get: No settings file exists, new profile?" (new NotFoundError("Could not open the file at C:\\Users\\bbb\\AppData\\Local\\Temp\\rust_mozprofileJJThT8\\search.json.mozlz4", (void 0)))
DevTools listening on ws://localhost:6042/devtools/browser/dcdee94d-c1a1-467d-b473-7f443887940d
1652678505067	Marionette	INFO	Listening on port 6064
Read port: 6064
1652678505106	RemoteAgent	WARN	TLS certificate errors will be ignored for this session
1652678530681	Marionette	INFO	Stopped listening on port 6064
console.warn: TopSitesFeed: Failed to fetch data from Contile server: NetworkError when attempting to fetch resource.
JavaScript error: chrome://remote/content/marionette/cert.js, line 55: NS_ERROR_NOT_AVAILABLE: Component returned failure code: 0x80040111 (NS_ERROR_NOT_AVAILABLE) [nsICertOverrideService.setDisableAllSecurityChecksAndLetAttackersInterceptMyData]
1652678882588	geckodriver	INFO	Listening on 127.0.0.1:6485
1652678884632	mozrunner::runner	INFO	Running command: "D:\\Program Files (x86)\\Mozilla Firefox\\firefox.exe" "--marionette" "--remote-debugging-port" "6486" "--remote-allow-hosts" "localhost" "-no-remote" "-profile" "C:\\Users\\bbb\\AppData\\Local\\Temp\\rust_mozprofileCcVIcY"
1652678885370	Marionette	INFO	Marionette enabled
console.warn: SearchSettings: "get: No settings file exists, new profile?" (new NotFoundError("Could not open the file at C:\\Users\\bbb\\AppData\\Local\\Temp\\rust_mozprofileCcVIcY\\search.json.mozlz4", (void 0)))
DevTools listening on ws://localhost:6486/devtools/browser/a07ee31c-77d4-4806-b442-8026d1e417c8
1652678887853	Marionette	INFO	Listening on port 6513
Read port: 6513
1652678887977	RemoteAgent	WARN	TLS certificate errors will be ignored for this session
1652678993973	Marionette	INFO	Stopped listening on port 6513
console.warn: TopSitesFeed: Failed to fetch data from Contile server: NetworkError when attempting to fetch resource.
e" "--remote-debugging-port" "6608" "--remote-allow-hosts" "localhost" "-no-remote" "-profile" "C:\\Users\\bbb\\AppData\\Local\\Temp\\rust_mozprofileOv1zmq"
1652678942894	Marionette	INFO	Marionette enabled
console.warn: SearchSettings: "get: No settings file exists, new profile?" (new NotFoundError("Could not open the file at C:\\Users\\bbb\\AppData\\Local\\Temp\\rust_mozprofileOv1zmq\\search.json.mozlz4", (void 0)))
DevTools listening on ws://localhost:6608/devtools/browser/01ac0cc5-c7f1-476a-bdfa-58580b292fff
1652678945482	Marionette	INFO	Listening on port 6637
Read port: 6637
1652678945538	RemoteAgent	WARN	TLS certificate errors will be ignored for this session
1652679379028	Marionette	INFO	Stopped listening on port 6637
console.warn: TopSitesFeed: Failed to fetch data from Contile server: NetworkError when attempting to fetch resource.
e" "--remote-debugging-port" "7016" "--remote-allow-hosts" "localhost" "-no-remote" "-profile" "C:\\Users\\bbb\\AppData\\Local\\Temp\\rust_mozprofileGQjrzV"
1652679236167	Marionette	INFO	Marionette enabled
console.warn: SearchSettings: "get: No settings file exists, new profile?" (new NotFoundError("Could not open the file at C:\\Users\\bbb\\AppData\\Local\\Temp\\rust_mozprofileGQjrzV\\search.json.mozlz4", (void 0)))
DevTools listening on ws://localhost:7016/devtools/browser/d45d08a4-0d96-478f-b731-47c16adf193b
1652679238679	Marionette	INFO	Listening on port 7044
Read port: 7044
1652679238732	RemoteAgent	WARN	TLS certificate errors will be ignored for this session
1652679263015	Marionette	INFO	Stopped listening on port 7044
console.error: services.settings: 
  main/query-stripping Signature failed  TypeError: NetworkError: Network request failed
console.warn: TopSitesFeed: Failed to fetch data from Contile server: NetworkError when attempting to fetch resource.
JavaScript error: chrome://remote/content/marionette/cert.js, line 55: NS_ERROR_NOT_AVAILABLE: Component returned failure code: 0x80040111 (NS_ERROR_NOT_AVAILABLE) [nsICertOverrideService.setDisableAllSecurityChecksAndLetAttackersInterceptMyData]
1652679264572	geckodriver	INFO	Listening on 127.0.0.1:7117
1652679266591	mozrunner::runner	INFO	Running command: "D:\\Program Files (x86)\\Mozilla Firefox\\firefox.exe" "--marionette" "--remote-debugging-port" "7118" "--remote-allow-hosts" "localhost" "-no-remote" "-profile" "C:\\Users\\bbb\\AppData\\Local\\Temp\\rust_mozprofileFFcM6F"
1652679267350	Marionette	INFO	Marionette enabled
console.warn: SearchSettings: "get: No settings file exists, new profile?" (new NotFoundError("Could not open the file at C:\\Users\\bbb\\AppData\\Local\\Temp\\rust_mozprofileFFcM6F\\search.json.mozlz4", (void 0)))
DevTools listening on ws://localhost:7118/devtools/browser/53b906f6-ff6f-4caa-935b-b5f0e373c963
1652679269903	Marionette	INFO	Listening on port 7145
Read port: 7145
1652679269942	RemoteAgent	WARN	TLS certificate errors will be ignored for this session
JavaScript error: resource://gre/modules/AsyncShutdown.jsm, line 575: NotFoundError: No such JSWindowActor 'DevToolsFrame'
1652679377167	Marionette	INFO	Stopped listening on port 7145
console.warn: TopSitesFeed: Failed to fetch data from Contile server: NetworkError when attempting to fetch resource.
JavaScript error: chrome://remote/content/marionette/cert.js, line 55: NS_ERROR_NOT_AVAILABLE: Component returned failure code: 0x80040111 (NS_ERROR_NOT_AVAILABLE) [nsICertOverrideService.setDisableAllSecurityChecksAndLetAttackersInterceptMyData]

###!!! [Parent][PGPUParent] Error: RunMessage(msgname=PGPU::Msg_ShutdownVR) Channel closing: too late to send/recv, messages will be lost

1652679529244	geckodriver	INFO	Listening on 127.0.0.1:7501
1652679531277	mozrunner::runner	INFO	Running command: "D:\\Program Files (x86)\\Mozilla Firefox\\firefox.exe" "--marionette" "--remote-debugging-port" "7502" "--remote-allow-hosts" "localhost" "-no-remote" "-profile" "C:\\Users\\bbb\\AppData\\Local\\Temp\\rust_mozprofileq4r5SP"
1652679532040	Marionette	INFO	Marionette enabled
console.warn: SearchSettings: "get: No settings file exists, new profile?" (new NotFoundError("Could not open the file at C:\\Users\\bbb\\AppData\\Local\\Temp\\rust_mozprofileq4r5SP\\search.json.mozlz4", (void 0)))
DevTools listening on ws://localhost:7502/devtools/browser/154603d8-9413-4bd1-b3e2-dfd5428d8b7e
1652679534626	Marionette	INFO	Listening on port 7529
Read port: 7529
1652679534751	RemoteAgent	WARN	TLS certificate errors will be ignored for this session
1652679940619	geckodriver	INFO	Listening on 127.0.0.1:8031
1652679942673	mozrunner::runner	INFO	Running command: "D:\\Program Files (x86)\\Mozilla Firefox\\firefox.exe" "--marionette" "--remote-debugging-port" "8032" "--remote-allow-hosts" "localhost" "-no-remote" "-profile" "C:\\Users\\bbb\\AppData\\Local\\Temp\\rust_mozprofilezaQQte"
1652679943413	Marionette	INFO	Marionette enabled
console.warn: SearchSettings: "get: No settings file exists, new profile?" (new NotFoundError("Could not open the file at C:\\Users\\bbb\\AppData\\Local\\Temp\\rust_mozprofilezaQQte\\search.json.mozlz4", (void 0)))
DevTools listening on ws://localhost:8032/devtools/browser/32c8d892-086d-4d69-a37a-8fec1aa1bf26
1652679945983	Marionette	INFO	Listening on port 8058
Read port: 8058
1652679946023	RemoteAgent	WARN	TLS certificate errors will be ignored for this session
1652679967868	geckodriver	INFO	Listening on 127.0.0.1:8125
1652679969905	mozrunner::runner	INFO	Running command: "D:\\Program Files (x86)\\Mozilla Firefox\\firefox.exe" "--marionette" "--remote-debugging-port" "8126" "--remote-allow-hosts" "localhost" "-no-remote" "-profile" "C:\\Users\\bbb\\AppData\\Local\\Temp\\rust_mozprofileMqqZTB"
1652679970620	Marionette	INFO	Marionette enabled
console.warn: SearchSettings: "get: No settings file exists, new profile?" (new NotFoundError("Could not open the file at C:\\Users\\bbb\\AppData\\Local\\Temp\\rust_mozprofileMqqZTB\\search.json.mozlz4", (void 0)))
DevTools listening on ws://localhost:8126/devtools/browser/e4630219-ac85-4a51-8f9b-a41100b587f9
1652679973028	Marionette	INFO	Listening on port 8157
Read port: 8157
1652679973139	RemoteAgent	WARN	TLS certificate errors will be ignored for this session
1652679995184	geckodriver	INFO	Listening on 127.0.0.1:8227
1652679997223	mozrunner::runner	INFO	Running command: "D:\\Program Files (x86)\\Mozilla Firefox\\firefox.exe" "--marionette" "--remote-debugging-port" "8228" "--remote-allow-hosts" "localhost" "-no-remote" "-profile" "C:\\Users\\bbb\\AppData\\Local\\Temp\\rust_mozprofileZhwaHz"
1652679998001	Marionette	INFO	Marionette enabled
console.warn: SearchSettings: "get: No settings file exists, new profile?" (new NotFoundError("Could not open the file at C:\\Users\\bbb\\AppData\\Local\\Temp\\rust_mozprofileZhwaHz\\search.json.mozlz4", (void 0)))
DevTools listening on ws://localhost:8228/devtools/browser/5e1b9096-af05-43e5-b72b-3430515ede28
1652680000490	Marionette	INFO	Listening on port 8255
Read port: 8255
1652680000564	RemoteAgent	WARN	TLS certificate errors will be ignored for this session
1652680204820	geckodriver	INFO	Listening on 127.0.0.1:8511
1652680206881	mozrunner::runner	INFO	Running command: "D:\\Program Files (x86)\\Mozilla Firefox\\firefox.exe" "--marionette" "--remote-debugging-port" "8512" "--remote-allow-hosts" "localhost" "-no-remote" "-profile" "C:\\Users\\bbb\\AppData\\Local\\Temp\\rust_mozprofileQ0tVkF"
1652680207625	Marionette	INFO	Marionette enabled
console.warn: SearchSettings: "get: No settings file exists, new profile?" (new NotFoundError("Could not open the file at C:\\Users\\bbb\\AppData\\Local\\Temp\\rust_mozprofileQ0tVkF\\search.json.mozlz4", (void 0)))
DevTools listening on ws://localhost:8512/devtools/browser/6d88aa84-b073-429c-b29d-f1992efa85c9
1652680209994	Marionette	INFO	Listening on port 8539
Read port: 8539
1652680210172	RemoteAgent	WARN	TLS certificate errors will be ignored for this session
JavaScript error: resource://gre/modules/LoginFormFactory.jsm, line 97: TypeError: ChromeUtils.getClassName: Argument 1 is not an object.
1652682975231	Marionette	INFO	Stopped listening on port 8539
console.warn: TopSitesFeed: Failed to fetch data from Contile server: NetworkError when attempting to fetch resource.
e" "--remote-debugging-port" "8961" "--remote-allow-hosts" "localhost" "-no-remote" "-profile" "C:\\Users\\bbb\\AppData\\Local\\Temp\\rust_mozprofilejNwCkZ"
1652680572934	Marionette	INFO	Marionette enabled
console.warn: SearchSettings: "get: No settings file exists, new profile?" (new NotFoundError("Could not open the file at C:\\Users\\bbb\\AppData\\Local\\Temp\\rust_mozprofilejNwCkZ\\search.json.mozlz4", (void 0)))
DevTools listening on ws://localhost:8961/devtools/browser/5dd812cd-9b04-4f94-b56a-e7b5ca453788
1652680575361	Marionette	INFO	Listening on port 8990
Read port: 8990
1652680575408	RemoteAgent	WARN	TLS certificate errors will be ignored for this session
1652680816587	geckodriver	INFO	Listening on 127.0.0.1:9288
1652680818634	mozrunner::runner	INFO	Running command: "D:\\Program Files (x86)\\Mozilla Firefox\\firefox.exe" "--marionette" "--remote-debugging-port" "9289" "--remote-allow-hosts" "localhost" "-no-remote" "-profile" "C:\\Users\\bbb\\AppData\\Local\\Temp\\rust_mozprofiletox8gl"
1652680819381	Marionette	INFO	Marionette enabled
console.warn: SearchSettings: "get: No settings file exists, new profile?" (new NotFoundError("Could not open the file at C:\\Users\\bbb\\AppData\\Local\\Temp\\rust_mozprofiletox8gl\\search.json.mozlz4", (void 0)))
DevTools listening on ws://localhost:9289/devtools/browser/72d2db36-8681-459e-b55a-1f75ef1f5dc5
1652680821806	Marionette	INFO	Listening on port 9318
Read port: 9318
1652680821893	RemoteAgent	WARN	TLS certificate errors will be ignored for this session
1652680912202	geckodriver	INFO	Listening on 127.0.0.1:9446
1652680914249	mozrunner::runner	INFO	Running command: "D:\\Program Files (x86)\\Mozilla Firefox\\firefox.exe" "--marionette" "--remote-debugging-port" "9447" "--remote-allow-hosts" "localhost" "-no-remote" "-profile" "C:\\Users\\bbb\\AppData\\Local\\Temp\\rust_mozprofileYzsgcp"
1652680915023	Marionette	INFO	Marionette enabled
console.warn: SearchSettings: "get: No settings file exists, new profile?" (new NotFoundError("Could not open the file at C:\\Users\\bbb\\AppData\\Local\\Temp\\rust_mozprofileYzsgcp\\search.json.mozlz4", (void 0)))
DevTools listening on ws://localhost:9447/devtools/browser/0b9a1b01-253b-4da4-aed5-104093567f2a
1652680917542	Marionette	INFO	Listening on port 9473
Read port: 9473
1652680917616	RemoteAgent	WARN	TLS certificate errors will be ignored for this session
console.warn: LoginRecipes: "getRecipes: falling back to a synchronous message for:" "https://mp.weixin.qq.com"
1652680929288	Marionette	INFO	Stopped listening on port 9473
JavaScript error: https://res.wx.qq.com/mpres/zh_CN/htmledition/pages/modules/common/badjs5ddea6.js, line 188: NS_ERROR_NOT_INITIALIZED: 

###!!! [Child][PContentChild] Error: RunMessage(msgname=PHttpChannel::Msg_FailedAsyncOpen) Channel closing: too late to send/recv, messages will be lost


###!!! [Parent][PContentParent] Error: Send(msgname=PContent::Msg_DestroyBrowsingContextGroup) Closed channel: cannot send/recv


###!!! [Child][PContentChild] Error: Send(msgname=PNecko::Msg_RemoveRequestContext) Channel closing: too late to send/recv, messages will be lost


###!!! [Child][PContentChild] Error: Send(msgname=PNecko::Msg_RemoveRequestContext) Channel closing: too late to send/recv, messages will be lost


###!!! [Child][PContentChild] Error: Send(msgname=PNecko::Msg_RemoveRequestContext) Channel closing: too late to send/recv, messages will be lost


###!!! [Child][PContentChild] Error: Send(msgname=PNecko::Msg_RemoveRequestContext) Channel closing: too late to send/recv, messages will be lost


###!!! [Child][PContentChild] Error: Send(msgname=PNecko::Msg_RemoveRequestContext) Channel closing: too late to send/recv, messages will be lost


###!!! [Child][PContentChild] Error: Send(msgname=PNecko::Msg_RemoveRequestContext) Channel closing: too late to send/recv, messages will be lost


###!!! [Child][PContentChild] Error: Send(msgname=PNecko::Msg_PredLearn) Channel closing: too late to send/recv, messages will be lost


###!!! [Child][PContentChild] Error: RunMessage(msgname=PHttpChannel::Msg_FailedAsyncOpen) Channel closing: too late to send/recv, messages will be lost


###!!! [Child][PContentChild] Error: Send(msgname=PNecko::Msg_PredLearn) Channel closing: too late to send/recv, messages will be lost


###!!! [Child][PContentChild] Error: RunMessage(msgname=PHttpChannel::Msg_FailedAsyncOpen) Channel closing: too late to send/recv, messages will be lost


###!!! [Child][PContentChild] Error: Send(msgname=PNecko::Msg_PredLearn) Channel closing: too late to send/recv, messages will be lost


###!!! [Child][PContentChild] Error: RunMessage(msgname=PHttpChannel::Msg_FailedAsyncOpen) Channel closing: too late to send/recv, messages will be lost


###!!! [Child][PContentChild] Error: Send(msgname=PNecko::Msg_PredLearn) Channel closing: too late to send/recv, messages will be lost


###!!! [Child][PContentChild] Error: RunMessage(msgname=PHttpChannel::Msg_FailedAsyncOpen) Channel closing: too late to send/recv, messages will be lost


###!!! [Child][PContentChild] Error: RunMessage(msgname=PHttpChannel::Msg_FailedAsyncOpen) Channel closing: too late to send/recv, messages will be lost


###!!! [Child][PContentChild] Error: RunMessage(msgname=PHttpChannel::Msg_FailedAsyncOpen) Channel closing: too late to send/recv, messages will be lost


###!!! [Child][PContentChild] Error: Send(msgname=PContent::Msg_ScriptError) Channel closing: too late to send/recv, messages will be lost


###!!! [Child][PContentChild] Error: RunMessage(msgname=PHttpChannel::Msg_FailedAsyncOpen) Channel closing: too late to send/recv, messages will be lost


###!!! [Child][PContentChild] Error: Send(msgname=PNecko::Msg_RemoveRequestContext) Channel closing: too late to send/recv, messages will be lost


###!!! [Child][PContentChild] Error: RunMessage(msgname=PHttpChannel::Msg_DeleteSelf) Channel closing: too late to send/recv, messages will be lost


###!!! [Child][PContentChild] Error: Send(msgname=PNecko::Msg_RequestContextAfterDOMContentLoaded) Channel closing: too late to send/recv, messages will be lost


###!!! [Child][PContentChild] Error: Send(msgname=PHttpChannel::Msg_DeletingChannel) Channel closing: too late to send/recv, messages will be lost


###!!! [Child][PContentChild] Error: Send(msgname=PHttpChannel::Msg_DeletingChannel) Channel closing: too late to send/recv, messages will be lost


###!!! [Child][PContentChild] Error: RunMessage(msgname=PHttpChannel::Msg_FailedAsyncOpen) Channel closing: too late to send/recv, messages will be lost


###!!! [Child][PContentChild] Error: RunMessage(msgname=PHttpChannel::Msg_FailedAsyncOpen) Channel closing: too late to send/recv, messages will be lost


###!!! [Child][PContentChild] Error: RunMessage(msgname=PHttpChannel::Msg_FailedAsyncOpen) Channel closing: too late to send/recv, messages will be lost


###!!! [Child][PContentChild] Error: RunMessage(msgname=PHttpChannel::Msg_FailedAsyncOpen) Channel closing: too late to send/recv, messages will be lost


###!!! [Child][PContentChild] Error: RunMessage(msgname=PHttpChannel::Msg_FailedAsyncOpen) Channel closing: too late to send/recv, messages will be lost


###!!! [Child][PContentChild] Error: RunMessage(msgname=PHttpChannel::Msg_FailedAsyncOpen) Channel closing: too late to send/recv, messages will be lost


###!!! [Child][PContentChild] Error: RunMessage(msgname=PHttpChannel::Msg_FailedAsyncOpen) Channel closing: too late to send/recv, messages will be lost


###!!! [Child][PContentChild] Error: RunMessage(msgname=PHttpChannel::Msg_FailedAsyncOpen) Channel closing: too late to send/recv, messages will be lost


###!!! [Child][PContentChild] Error: RunMessage(msgname=PHttpChannel::Msg_FailedAsyncOpen) Channel closing: too late to send/recv, messages will be lost


###!!! [Child][PContentChild] Error: RunMessage(msgname=PHttpChannel::Msg_DeleteSelf) Channel closing: too late to send/recv, messages will be lost


###!!! [Child][PContentChild] Error: Send(msgname=PContent::Msg_ScriptError) Channel closing: too late to send/recv, messages will be lost


###!!! [Child][PContentChild] Error: RunMessage(msgname=PContent::Reply_DiscardBrowsingContext) Channel closing: too late to send/recv, messages will be lost

